<?xml version="1.0" encoding="UTF-8"?>
<coverage generated="1555578066394" clover="3.2.0">
  <project timestamp="1555578066394" name="All files">
    <metrics statements="14" coveredstatements="14" conditionals="2" coveredconditionals="1" methods="10" coveredmethods="9" elements="26" coveredelements="24" complexity="0" loc="14" ncloc="14" packages="1" files="2" classes="2">
      <file name="app.js" path="/Users/silvestrevivo/Sync/werk/2017/12_testing/testing-giftgiver/src/components/app.js">
        <metrics statements="9" coveredstatements="9" conditionals="2" coveredconditionals="1" methods="6" coveredmethods="5"/>
        <line num="11" count="4" type="stmt"/>
        <line num="13" count="4" type="stmt"/>
        <line num="15" count="4" type="cond" truecount="1" falsecount="1"/>
        <line num="17" count="4" type="stmt"/>
        <line num="19" count="4" type="stmt"/>
        <line num="23" count="1" type="stmt"/>
        <line num="25" count="1" type="stmt"/>
        <line num="29" count="10" type="stmt"/>
        <line num="35" count="4" type="stmt"/>
      </file>
      <file name="gift.js" path="/Users/silvestrevivo/Sync/werk/2017/12_testing/testing-giftgiver/src/components/gift.js">
        <metrics statements="5" coveredstatements="5" conditionals="0" coveredconditionals="0" methods="4" coveredmethods="4"/>
        <line num="11" count="3" type="stmt"/>
        <line num="18" count="1" type="stmt"/>
        <line num="24" count="1" type="stmt"/>
        <line num="29" count="1" type="stmt"/>
        <line num="35" count="2" type="stmt"/>
      </file>
    </metrics>
  </project>
</coverage>
