<?xml version="1.0" encoding="UTF-8"?>
<coverage generated="1555578791950" clover="3.2.0">
  <project timestamp="1555578791950" name="All files">
    <metrics statements="14" coveredstatements="14" conditionals="2" coveredconditionals="2" methods="11" coveredmethods="10" elements="27" coveredelements="26" complexity="0" loc="14" ncloc="14" packages="2" files="3" classes="3">
      <package name="Helper">
        <metrics statements="2" coveredstatements="2" conditionals="2" coveredconditionals="2" methods="1" coveredmethods="1"/>
        <file name="index.js" path="/Users/silvestrevivo/Sync/werk/2017/12_testing/testing-giftgiver/src/Helper/index.js">
          <metrics statements="2" coveredstatements="2" conditionals="2" coveredconditionals="2" methods="1" coveredmethods="1"/>
          <line num="1" count="2" type="stmt"/>
          <line num="2" count="6" type="cond" truecount="2" falsecount="0"/>
        </file>
      </package>
      <package name="components">
        <metrics statements="12" coveredstatements="12" conditionals="0" coveredconditionals="0" methods="10" coveredmethods="9"/>
        <file name="app.js" path="/Users/silvestrevivo/Sync/werk/2017/12_testing/testing-giftgiver/src/components/app.js">
          <metrics statements="7" coveredstatements="7" conditionals="0" coveredconditionals="0" methods="6" coveredmethods="5"/>
          <line num="12" count="4" type="stmt"/>
          <line num="14" count="4" type="stmt"/>
          <line num="16" count="4" type="stmt"/>
          <line num="20" count="1" type="stmt"/>
          <line num="22" count="1" type="stmt"/>
          <line num="26" count="10" type="stmt"/>
          <line num="31" count="4" type="stmt"/>
        </file>
        <file name="gift.js" path="/Users/silvestrevivo/Sync/werk/2017/12_testing/testing-giftgiver/src/components/gift.js">
          <metrics statements="5" coveredstatements="5" conditionals="0" coveredconditionals="0" methods="4" coveredmethods="4"/>
          <line num="11" count="3" type="stmt"/>
          <line num="18" count="1" type="stmt"/>
          <line num="24" count="1" type="stmt"/>
          <line num="29" count="1" type="stmt"/>
          <line num="35" count="2" type="stmt"/>
        </file>
      </package>
    </metrics>
  </project>
</coverage>
