{"/Users/silvestrevivo/Sync/werk/2017/12_testing/testing-giftgiver/src/Helper/index.js": {"path":"/Users/silvestrevivo/Sync/werk/2017/12_testing/testing-giftgiver/src/Helper/index.js","statementMap":{"0":{"start":{"line":1,"column":25},"end":{"line":3,"column":1}},"1":{"start":{"line":2,"column":2},"end":{"line":2,"column":54}}},"fnMap":{"0":{"name":"(anonymous_0)","decl":{"start":{"line":1,"column":25},"end":{"line":1,"column":26}},"loc":{"start":{"line":1,"column":36},"end":{"line":3,"column":1}},"line":1}},"branchMap":{"0":{"loc":{"start":{"line":2,"column":9},"end":{"line":2,"column":54}},"type":"cond-expr","locations":[{"start":{"line":2,"column":30},"end":{"line":2,"column":50}},{"start":{"line":2,"column":53},"end":{"line":2,"column":54}}],"line":2}},"s":{"0":2,"1":6},"f":{"0":6},"b":{"0":[1,5]},"_coverageSchema":"332fd63041d2c1bcb487cc26dd0d5f7d97098a6c","hash":"82ed84d8b013c8af623e4b8b6264de57aeefb192"}
,"/Users/silvestrevivo/Sync/werk/2017/12_testing/testing-giftgiver/src/components/app.js": {"path":"/Users/silvestrevivo/Sync/werk/2017/12_testing/testing-giftgiver/src/components/app.js","statementMap":{"0":{"start":{"line":12,"column":22},"end":{"line":12,"column":32}},"1":{"start":{"line":14,"column":4},"end":{"line":14,"column":65}},"2":{"start":{"line":14,"column":49},"end":{"line":14,"column":56}},"3":{"start":{"line":16,"column":4},"end":{"line":16,"column":28}},"4":{"start":{"line":20,"column":18},"end":{"line":20,"column":65}},"5":{"start":{"line":20,"column":50},"end":{"line":20,"column":64}},"6":{"start":{"line":22,"column":4},"end":{"line":22,"column":28}},"7":{"start":{"line":26,"column":4},"end":{"line":42,"column":5}},"8":{"start":{"line":31,"column":12},"end":{"line":35,"column":13}}},"fnMap":{"0":{"name":"(anonymous_0)","decl":{"start":{"line":11,"column":12},"end":{"line":11,"column":13}},"loc":{"start":{"line":11,"column":18},"end":{"line":17,"column":3}},"line":11},"1":{"name":"(anonymous_1)","decl":{"start":{"line":14,"column":41},"end":{"line":14,"column":42}},"loc":{"start":{"line":14,"column":49},"end":{"line":14,"column":56}},"line":14},"2":{"name":"(anonymous_2)","decl":{"start":{"line":19,"column":15},"end":{"line":19,"column":16}},"loc":{"start":{"line":19,"column":21},"end":{"line":23,"column":3}},"line":19},"3":{"name":"(anonymous_3)","decl":{"start":{"line":20,"column":42},"end":{"line":20,"column":43}},"loc":{"start":{"line":20,"column":50},"end":{"line":20,"column":64}},"line":20},"4":{"name":"(anonymous_4)","decl":{"start":{"line":25,"column":2},"end":{"line":25,"column":3}},"loc":{"start":{"line":25,"column":12},"end":{"line":43,"column":3}},"line":25},"5":{"name":"(anonymous_5)","decl":{"start":{"line":30,"column":32},"end":{"line":30,"column":33}},"loc":{"start":{"line":30,"column":40},"end":{"line":36,"column":11}},"line":30}},"branchMap":{},"s":{"0":4,"1":4,"2":0,"3":4,"4":1,"5":1,"6":1,"7":10,"8":4},"f":{"0":4,"1":0,"2":1,"3":1,"4":10,"5":4},"b":{},"_coverageSchema":"332fd63041d2c1bcb487cc26dd0d5f7d97098a6c","hash":"37cb22d84a9d8376b396ae94d956f405b8ab8840"}
,"/Users/silvestrevivo/Sync/werk/2017/12_testing/testing-giftgiver/src/components/gift.js": {"path":"/Users/silvestrevivo/Sync/werk/2017/12_testing/testing-giftgiver/src/components/gift.js","statementMap":{"0":{"start":{"line":11,"column":4},"end":{"line":31,"column":5}},"1":{"start":{"line":18,"column":33},"end":{"line":18,"column":78}},"2":{"start":{"line":24,"column":33},"end":{"line":24,"column":79}},"3":{"start":{"line":29,"column":25},"end":{"line":29,"column":66}},"4":{"start":{"line":35,"column":0},"end":{"line":38,"column":1}}},"fnMap":{"0":{"name":"(anonymous_0)","decl":{"start":{"line":10,"column":2},"end":{"line":10,"column":3}},"loc":{"start":{"line":10,"column":12},"end":{"line":32,"column":3}},"line":10},"1":{"name":"(anonymous_1)","decl":{"start":{"line":18,"column":24},"end":{"line":18,"column":25}},"loc":{"start":{"line":18,"column":33},"end":{"line":18,"column":78}},"line":18},"2":{"name":"(anonymous_2)","decl":{"start":{"line":24,"column":24},"end":{"line":24,"column":25}},"loc":{"start":{"line":24,"column":33},"end":{"line":24,"column":79}},"line":24},"3":{"name":"(anonymous_3)","decl":{"start":{"line":29,"column":19},"end":{"line":29,"column":20}},"loc":{"start":{"line":29,"column":25},"end":{"line":29,"column":66}},"line":29}},"branchMap":{},"s":{"0":3,"1":1,"2":1,"3":1,"4":2},"f":{"0":3,"1":1,"2":1,"3":1},"b":{},"_coverageSchema":"332fd63041d2c1bcb487cc26dd0d5f7d97098a6c","hash":"5d7964f7650c9f34a4339e327fedb514a340fd5b"}
}
