{"/Users/silvestrevivo/Sync/werk/2017/12_testing/testing-giftgiver/src/components/app.js": {"path":"/Users/silvestrevivo/Sync/werk/2017/12_testing/testing-giftgiver/src/components/app.js","statementMap":{"0":{"start":{"line":11,"column":22},"end":{"line":11,"column":32}},"1":{"start":{"line":13,"column":16},"end":{"line":13,"column":42}},"2":{"start":{"line":13,"column":34},"end":{"line":13,"column":41}},"3":{"start":{"line":15,"column":18},"end":{"line":15,"column":55}},"4":{"start":{"line":17,"column":4},"end":{"line":17,"column":33}},"5":{"start":{"line":19,"column":4},"end":{"line":19,"column":28}},"6":{"start":{"line":23,"column":18},"end":{"line":23,"column":65}},"7":{"start":{"line":23,"column":50},"end":{"line":23,"column":64}},"8":{"start":{"line":25,"column":4},"end":{"line":25,"column":28}},"9":{"start":{"line":29,"column":4},"end":{"line":48,"column":5}},"10":{"start":{"line":35,"column":14},"end":{"line":40,"column":15}}},"fnMap":{"0":{"name":"(anonymous_0)","decl":{"start":{"line":10,"column":12},"end":{"line":10,"column":13}},"loc":{"start":{"line":10,"column":18},"end":{"line":20,"column":3}},"line":10},"1":{"name":"(anonymous_1)","decl":{"start":{"line":13,"column":26},"end":{"line":13,"column":27}},"loc":{"start":{"line":13,"column":34},"end":{"line":13,"column":41}},"line":13},"2":{"name":"(anonymous_2)","decl":{"start":{"line":22,"column":15},"end":{"line":22,"column":16}},"loc":{"start":{"line":22,"column":21},"end":{"line":26,"column":3}},"line":22},"3":{"name":"(anonymous_3)","decl":{"start":{"line":23,"column":42},"end":{"line":23,"column":43}},"loc":{"start":{"line":23,"column":50},"end":{"line":23,"column":64}},"line":23},"4":{"name":"(anonymous_4)","decl":{"start":{"line":28,"column":2},"end":{"line":28,"column":3}},"loc":{"start":{"line":28,"column":12},"end":{"line":49,"column":3}},"line":28},"5":{"name":"(anonymous_5)","decl":{"start":{"line":34,"column":33},"end":{"line":34,"column":34}},"loc":{"start":{"line":34,"column":41},"end":{"line":41,"column":13}},"line":34}},"branchMap":{"0":{"loc":{"start":{"line":15,"column":18},"end":{"line":15,"column":55}},"type":"cond-expr","locations":[{"start":{"line":15,"column":35},"end":{"line":15,"column":51}},{"start":{"line":15,"column":54},"end":{"line":15,"column":55}}],"line":15}},"s":{"0":4,"1":4,"2":0,"3":4,"4":4,"5":4,"6":1,"7":1,"8":1,"9":10,"10":4},"f":{"0":4,"1":0,"2":1,"3":1,"4":10,"5":4},"b":{"0":[0,4]},"_coverageSchema":"332fd63041d2c1bcb487cc26dd0d5f7d97098a6c","hash":"58c0de4e7c53f6f45276a4c0e50df23db8fd140d"}
,"/Users/silvestrevivo/Sync/werk/2017/12_testing/testing-giftgiver/src/components/gift.js": {"path":"/Users/silvestrevivo/Sync/werk/2017/12_testing/testing-giftgiver/src/components/gift.js","statementMap":{"0":{"start":{"line":11,"column":4},"end":{"line":31,"column":5}},"1":{"start":{"line":18,"column":33},"end":{"line":18,"column":78}},"2":{"start":{"line":24,"column":33},"end":{"line":24,"column":79}},"3":{"start":{"line":29,"column":25},"end":{"line":29,"column":66}},"4":{"start":{"line":35,"column":0},"end":{"line":38,"column":1}}},"fnMap":{"0":{"name":"(anonymous_0)","decl":{"start":{"line":10,"column":2},"end":{"line":10,"column":3}},"loc":{"start":{"line":10,"column":12},"end":{"line":32,"column":3}},"line":10},"1":{"name":"(anonymous_1)","decl":{"start":{"line":18,"column":24},"end":{"line":18,"column":25}},"loc":{"start":{"line":18,"column":33},"end":{"line":18,"column":78}},"line":18},"2":{"name":"(anonymous_2)","decl":{"start":{"line":24,"column":24},"end":{"line":24,"column":25}},"loc":{"start":{"line":24,"column":33},"end":{"line":24,"column":79}},"line":24},"3":{"name":"(anonymous_3)","decl":{"start":{"line":29,"column":19},"end":{"line":29,"column":20}},"loc":{"start":{"line":29,"column":25},"end":{"line":29,"column":66}},"line":29}},"branchMap":{},"s":{"0":3,"1":1,"2":1,"3":1,"4":2},"f":{"0":3,"1":1,"2":1,"3":1},"b":{},"_coverageSchema":"332fd63041d2c1bcb487cc26dd0d5f7d97098a6c","hash":"5d7964f7650c9f34a4339e327fedb514a340fd5b"}
}
