TN:
SF:/Users/silvestrevivo/Sync/werk/2017/12_testing/testing-giftgiver/src/components/app.js
FN:10,(anonymous_0)
FN:13,(anonymous_1)
FN:22,(anonymous_2)
FN:23,(anonymous_3)
FN:28,(anonymous_4)
FN:34,(anonymous_5)
FNF:6
FNH:5
FNDA:4,(anonymous_0)
FNDA:0,(anonymous_1)
FNDA:1,(anonymous_2)
FNDA:1,(anonymous_3)
FNDA:10,(anonymous_4)
FNDA:4,(anonymous_5)
DA:11,4
DA:13,4
DA:15,4
DA:17,4
DA:19,4
DA:23,1
DA:25,1
DA:29,10
DA:35,4
LF:9
LH:9
BRDA:15,0,0,0
BRDA:15,0,1,4
BRF:2
BRH:1
end_of_record
TN:
SF:/Users/silvestrevivo/Sync/werk/2017/12_testing/testing-giftgiver/src/components/gift.js
FN:10,(anonymous_0)
FN:18,(anonymous_1)
FN:24,(anonymous_2)
FN:29,(anonymous_3)
FNF:4
FNH:4
FNDA:3,(anonymous_0)
FNDA:1,(anonymous_1)
FNDA:1,(anonymous_2)
FNDA:1,(anonymous_3)
DA:11,3
DA:18,1
DA:24,1
DA:29,1
DA:35,2
LF:5
LH:5
BRF:0
BRH:0
end_of_record
