TN:
SF:/Users/silvestrevivo/Sync/werk/2017/12_testing/testing-giftgiver/src/Helper/index.js
FN:1,(anonymous_0)
FNF:1
FNH:1
FNDA:6,(anonymous_0)
DA:1,2
DA:2,6
LF:2
LH:2
BRDA:2,0,0,1
BRDA:2,0,1,5
BRF:2
BRH:2
end_of_record
TN:
SF:/Users/silvestrevivo/Sync/werk/2017/12_testing/testing-giftgiver/src/components/app.js
FN:11,(anonymous_0)
FN:14,(anonymous_1)
FN:19,(anonymous_2)
FN:20,(anonymous_3)
FN:25,(anonymous_4)
FN:30,(anonymous_5)
FNF:6
FNH:5
FNDA:4,(anonymous_0)
FNDA:0,(anonymous_1)
FNDA:1,(anonymous_2)
FNDA:1,(anonymous_3)
FNDA:10,(anonymous_4)
FNDA:4,(anonymous_5)
DA:12,4
DA:14,4
DA:16,4
DA:20,1
DA:22,1
DA:26,10
DA:31,4
LF:7
LH:7
BRF:0
BRH:0
end_of_record
TN:
SF:/Users/silvestrevivo/Sync/werk/2017/12_testing/testing-giftgiver/src/components/gift.js
FN:10,(anonymous_0)
FN:18,(anonymous_1)
FN:24,(anonymous_2)
FN:29,(anonymous_3)
FNF:4
FNH:4
FNDA:3,(anonymous_0)
FNDA:1,(anonymous_1)
FNDA:1,(anonymous_2)
FNDA:1,(anonymous_3)
DA:11,3
DA:18,1
DA:24,1
DA:29,1
DA:35,2
LF:5
LH:5
BRF:0
BRH:0
end_of_record
